2025-06-26 16:37:51,977 - app.main - INFO - Starting Book Review Service v1.0.0
2025-06-26 16:38:18,244 - app.services.cache_service - WARNING - Redis connection failed: Error 61 connecting to localhost:6379. Connection refused.
2025-06-26 16:38:18,245 - app.services.book_service - INFO - Cache miss - fetching books from database
2025-06-26 16:42:58,302 - app.services.cache_service - WARNING - Redis connection failed: Error 61 connecting to localhost:6379. Connection refused.
2025-06-26 16:42:58,313 - app.services.book_service - INFO - Created book: book1
2025-06-26 16:42:59,781 - app.services.cache_service - WARNING - Redis connection failed: Error 61 connecting to localhost:6379. Connection refused.
2025-06-26 16:42:59,783 - app.services.book_service - ERROR - Database error creating book: (sqlite3.IntegrityError) UNIQUE constraint failed: books.isbn
[SQL: INSERT INTO books (title, author, isbn, description, published_year, updated_at) VALUES (?, ?, ?, ?, ?, ?) RETURNING id, created_at]
[parameters: ('book1', 'john', '0631582575463', 'string', 1999, None)]
(Background on this error at: https://sqlalche.me/e/20/gkpj)
2025-06-26 16:43:10,384 - app.services.cache_service - WARNING - Redis connection failed: Error 61 connecting to localhost:6379. Connection refused.
2025-06-26 16:43:10,385 - app.services.book_service - INFO - Cache miss - fetching books from database
2025-06-26 16:43:12,305 - app.services.cache_service - WARNING - Redis connection failed: Error 61 connecting to localhost:6379. Connection refused.
2025-06-26 16:43:12,305 - app.services.book_service - INFO - Cache miss - fetching books from database
2025-06-26 16:44:45,346 - app.main - INFO - Shutting down Book Review Service
2025-06-26 16:45:57,178 - app.main - INFO - Starting Book Review Service v1.0.0
2025-06-26 16:46:09,332 - app.services.cache_service - WARNING - Redis connection failed: Error 61 connecting to localhost:6379. Connection refused.
2025-06-26 16:46:09,333 - app.services.book_service - INFO - Cache miss - fetching books from database
2025-06-26 16:46:10,832 - app.services.cache_service - WARNING - Redis connection failed: Error 61 connecting to localhost:6379. Connection refused.
2025-06-26 16:46:10,834 - app.services.book_service - INFO - Cache miss - fetching books from database
2025-06-26 17:30:44,114 - app.main - INFO - Shutting down Book Review Service
2025-06-26 17:30:44,778 - app.main - INFO - Starting Book Review Service v1.0.0
2025-06-26 17:35:23,093 - app.main - INFO - Shutting down Book Review Service
2025-06-26 17:35:23,587 - app.main - INFO - Starting Book Review Service v1.0.0
2025-06-26 17:35:56,357 - app.main - INFO - Shutting down Book Review Service
2025-06-26 17:35:56,849 - app.main - INFO - Starting Book Review Service v1.0.0(runs while starting)
2025-06-26 21:23:20,606 - app.main - INFO - Starting Book Review Service v1.0.0(runs while starting)
2025-06-26 21:29:25,091 - app.main - INFO - Shutting down Book Review Service(clean up)
2025-06-26 21:29:25,623 - app.main - INFO - Starting Book Review Service v1.0.0(runs while starting)
2025-06-26 21:43:56,837 - app.main - INFO - Shutting down Book Review Service(clean up)
2025-06-26 21:43:57,391 - app.main - INFO - Starting Book Review Service v1.0.0(runs while starting)
2025-06-26 21:44:22,470 - app.main - INFO - Shutting down Book Review Service(clean up)
2025-06-26 21:44:22,982 - app.main - INFO - Starting Book Review Service v1.0.0(runs while starting)
2025-06-26 21:44:41,885 - app.main - INFO - Shutting down Book Review Service(clean up)
2025-06-26 21:44:42,364 - app.main - INFO - Starting Book Review Service v1.0.0(runs while starting)
2025-06-26 21:44:56,727 - app.main - INFO - Shutting down Book Review Service(clean up)
2025-06-26 21:44:57,208 - app.main - INFO - Starting Book Review Service v1.0.0(runs while starting)
2025-06-26 21:45:15,708 - app.main - INFO - Shutting down Book Review Service(clean up)
2025-06-26 21:45:16,209 - app.main - INFO - Starting Book Review Service v1.0.0(runs while starting)
2025-06-26 21:47:23,913 - app.main - INFO - Shutting down Book Review Service(clean up)
2025-06-26 21:47:24,442 - app.main - INFO - Starting Book Review Service v1.0.0(runs while starting)
2025-06-26 21:47:27,174 - app.main - INFO - Shutting down Book Review Service(clean up)
2025-06-26 21:47:27,523 - app.main - INFO - Starting Book Review Service v1.0.0(runs while starting)
2025-06-26 21:47:28,939 - app.main - INFO - Shutting down Book Review Service(clean up)
2025-06-26 21:47:29,297 - app.main - INFO - Starting Book Review Service v1.0.0(runs while starting)
2025-06-26 21:47:39,206 - app.main - INFO - Shutting down Book Review Service(clean up)
2025-06-26 21:50:07,957 - app.services.book_service - INFO - Created book: Test Book
2025-06-26 21:50:07,958 - httpx - INFO - HTTP Request: POST http://testserver/api/v1/books/ "HTTP/1.1 201 Created"
2025-06-26 21:51:03,192 - app.services.book_service - INFO - Created book: Test Book
2025-06-26 21:51:03,194 - httpx - INFO - HTTP Request: POST http://testserver/api/v1/books/ "HTTP/1.1 201 Created"
2025-06-26 21:51:47,346 - app.services.book_service - INFO - Created book: Sample Book
2025-06-26 21:51:47,347 - httpx - INFO - HTTP Request: POST http://testserver/api/v1/books/ "HTTP/1.1 201 Created"
2025-06-26 21:51:47,350 - app.services.review_service - INFO - Created review for book 1
2025-06-26 21:51:47,351 - httpx - INFO - HTTP Request: POST http://testserver/api/v1/books/1/reviews "HTTP/1.1 201 Created"
2025-06-26 21:54:40,882 - app.services.book_service - INFO - Created book: Sample Book
2025-06-26 21:54:40,883 - httpx - INFO - HTTP Request: POST http://testserver/api/v1/books/ "HTTP/1.1 201 Created"
2025-06-26 21:54:40,887 - app.services.review_service - INFO - Created review for book 1
2025-06-26 21:54:40,887 - httpx - INFO - HTTP Request: POST http://testserver/api/v1/books/1/reviews "HTTP/1.1 201 Created"
2025-06-26 21:58:08,211 - app.services.book_service - INFO - Created book: Sample Book
2025-06-26 21:58:08,213 - httpx - INFO - HTTP Request: POST http://testserver/api/v1/books/ "HTTP/1.1 201 Created"
2025-06-26 21:58:08,216 - app.services.review_service - INFO - Created review for book 1
2025-06-26 21:58:08,217 - httpx - INFO - HTTP Request: POST http://testserver/api/v1/books/1/reviews "HTTP/1.1 201 Created"
2025-06-26 23:45:35,267 - app.services.book_service - INFO - Created book: Test Book
2025-06-26 23:45:35,269 - httpx - INFO - HTTP Request: POST http://testserver/api/v1/books/ "HTTP/1.1 201 Created"
2025-06-26 23:49:04,062 - app.services.book_service - INFO - Created book: Test Book
2025-06-26 23:49:04,063 - httpx - INFO - HTTP Request: POST http://testserver/api/v1/books/ "HTTP/1.1 201 Created"
2025-06-26 23:50:38,694 - app.services.book_service - INFO - Created book: Test Book
2025-06-26 23:50:38,695 - httpx - INFO - HTTP Request: POST http://testserver/api/v1/books/ "HTTP/1.1 201 Created"
2025-06-26 23:50:44,280 - app.services.book_service - INFO - Created book: Test Book
2025-06-26 23:50:44,281 - httpx - INFO - HTTP Request: POST http://testserver/api/v1/books/ "HTTP/1.1 201 Created"
2025-06-26 23:53:18,473 - app.services.book_service - INFO - Created book: Test Book
2025-06-26 23:53:18,474 - httpx - INFO - HTTP Request: POST http://testserver/api/v1/books/ "HTTP/1.1 201 Created"
2025-06-26 23:53:18,484 - httpx - INFO - HTTP Request: POST http://testserver/api/v1/books/ "HTTP/1.1 422 Unprocessable Entity"
2025-06-26 23:53:18,495 - app.services.book_service - INFO - Created book: Test Book
2025-06-26 23:53:18,496 - httpx - INFO - HTTP Request: POST http://testserver/api/v1/books/ "HTTP/1.1 201 Created"
2025-06-26 23:53:18,497 - app.services.book_service - INFO - Books retrieved from cache
2025-06-26 23:53:18,649 - app.services.book_service - INFO - Created book: Test Book
2025-06-26 23:53:18,650 - httpx - INFO - HTTP Request: POST http://testserver/api/v1/books/ "HTTP/1.1 201 Created"
2025-06-26 23:53:18,652 - httpx - INFO - HTTP Request: GET http://testserver/api/v1/books/1 "HTTP/1.1 200 OK"
2025-06-26 23:53:18,663 - httpx - INFO - HTTP Request: GET http://testserver/api/v1/books/999 "HTTP/1.1 404 Not Found"
2025-06-26 23:54:13,792 - app.services.book_service - INFO - Created book: Test Book
2025-06-26 23:54:13,793 - httpx - INFO - HTTP Request: POST http://testserver/api/v1/books/ "HTTP/1.1 201 Created"
2025-06-26 23:54:13,803 - httpx - INFO - HTTP Request: POST http://testserver/api/v1/books/ "HTTP/1.1 422 Unprocessable Entity"
2025-06-26 23:54:13,813 - app.services.book_service - INFO - Created book: Test Book
2025-06-26 23:54:13,813 - httpx - INFO - HTTP Request: POST http://testserver/api/v1/books/ "HTTP/1.1 201 Created"
2025-06-26 23:54:13,815 - app.services.book_service - INFO - Books retrieved from cache
2025-06-26 23:54:13,964 - app.services.book_service - INFO - Created book: Test Book
2025-06-26 23:54:13,964 - httpx - INFO - HTTP Request: POST http://testserver/api/v1/books/ "HTTP/1.1 201 Created"
2025-06-26 23:54:13,967 - httpx - INFO - HTTP Request: GET http://testserver/api/v1/books/1 "HTTP/1.1 200 OK"
2025-06-26 23:54:13,976 - httpx - INFO - HTTP Request: GET http://testserver/api/v1/books/999 "HTTP/1.1 404 Not Found"
2025-06-26 23:54:27,773 - app.services.book_service - INFO - Created book: Test Book
2025-06-26 23:54:27,774 - httpx - INFO - HTTP Request: POST http://testserver/api/v1/books/ "HTTP/1.1 201 Created"
2025-06-26 23:54:27,783 - httpx - INFO - HTTP Request: POST http://testserver/api/v1/books/ "HTTP/1.1 422 Unprocessable Entity"
2025-06-26 23:54:27,796 - app.services.book_service - INFO - Created book: Test Book
2025-06-26 23:54:27,797 - httpx - INFO - HTTP Request: POST http://testserver/api/v1/books/ "HTTP/1.1 201 Created"
2025-06-26 23:54:27,798 - app.services.book_service - INFO - Books retrieved from cache
2025-06-26 23:54:27,950 - app.services.book_service - INFO - Created book: Test Book
2025-06-26 23:54:27,951 - httpx - INFO - HTTP Request: POST http://testserver/api/v1/books/ "HTTP/1.1 201 Created"
2025-06-26 23:54:27,953 - httpx - INFO - HTTP Request: GET http://testserver/api/v1/books/1 "HTTP/1.1 200 OK"
2025-06-26 23:54:27,962 - httpx - INFO - HTTP Request: GET http://testserver/api/v1/books/999 "HTTP/1.1 404 Not Found"
2025-06-26 23:56:46,211 - app.services.book_service - INFO - Created book: Test Book
2025-06-26 23:56:46,213 - httpx - INFO - HTTP Request: POST http://testserver/api/v1/books/ "HTTP/1.1 201 Created"
2025-06-26 23:56:46,222 - httpx - INFO - HTTP Request: POST http://testserver/api/v1/books/ "HTTP/1.1 422 Unprocessable Entity"
2025-06-26 23:56:46,232 - app.services.book_service - INFO - Created book: Test Book
2025-06-26 23:56:46,233 - httpx - INFO - HTTP Request: POST http://testserver/api/v1/books/ "HTTP/1.1 201 Created"
2025-06-26 23:56:46,234 - httpx - INFO - HTTP Request: GET http://testserver/api/v1/books "HTTP/1.1 307 Temporary Redirect"
2025-06-26 23:56:46,235 - app.services.book_service - INFO - Books retrieved from cache
2025-06-26 23:56:46,389 - app.services.book_service - INFO - Created book: Test Book
2025-06-26 23:56:46,390 - httpx - INFO - HTTP Request: POST http://testserver/api/v1/books/ "HTTP/1.1 201 Created"
2025-06-26 23:56:46,392 - httpx - INFO - HTTP Request: GET http://testserver/api/v1/books/1 "HTTP/1.1 200 OK"
2025-06-26 23:56:46,401 - httpx - INFO - HTTP Request: GET http://testserver/api/v1/books/999 "HTTP/1.1 404 Not Found"
2025-06-27 00:03:25,326 - app.services.book_service - INFO - Created book: Test Book
2025-06-27 00:03:25,327 - httpx - INFO - HTTP Request: POST http://testserver/api/v1/books/ "HTTP/1.1 201 Created"
2025-06-27 00:03:25,338 - httpx - INFO - HTTP Request: POST http://testserver/api/v1/books/ "HTTP/1.1 422 Unprocessable Entity"
2025-06-27 00:03:25,350 - app.services.book_service - INFO - Created book: Test Book
2025-06-27 00:03:25,350 - httpx - INFO - HTTP Request: POST http://testserver/api/v1/books/ "HTTP/1.1 201 Created"
2025-06-27 00:03:25,351 - app.services.book_service - INFO - Books retrieved from cache
2025-06-27 00:03:25,509 - app.services.book_service - INFO - Created book: Test Book
2025-06-27 00:03:25,509 - httpx - INFO - HTTP Request: POST http://testserver/api/v1/books/ "HTTP/1.1 201 Created"
2025-06-27 00:03:25,512 - httpx - INFO - HTTP Request: GET http://testserver/api/v1/books/1 "HTTP/1.1 200 OK"
2025-06-27 00:03:25,521 - httpx - INFO - HTTP Request: GET http://testserver/api/v1/books/999 "HTTP/1.1 404 Not Found"
2025-06-27 00:03:36,267 - app.services.book_service - INFO - Created book: Sample Book
2025-06-27 00:03:36,268 - httpx - INFO - HTTP Request: POST http://testserver/api/v1/books/ "HTTP/1.1 201 Created"
2025-06-27 00:03:36,271 - app.services.review_service - INFO - Created review for book 1
2025-06-27 00:03:36,272 - httpx - INFO - HTTP Request: POST http://testserver/api/v1/books/1/reviews "HTTP/1.1 201 Created"
2025-06-27 00:03:36,282 - httpx - INFO - HTTP Request: POST http://testserver/api/v1/books/999/reviews "HTTP/1.1 404 Not Found"
2025-06-27 00:03:36,293 - app.services.book_service - INFO - Created book: Sample Book
2025-06-27 00:03:36,293 - httpx - INFO - HTTP Request: POST http://testserver/api/v1/books/ "HTTP/1.1 201 Created"
2025-06-27 00:03:36,295 - app.services.review_service - INFO - Created review for book 1
2025-06-27 00:03:36,296 - httpx - INFO - HTTP Request: POST http://testserver/api/v1/books/1/reviews "HTTP/1.1 201 Created"
2025-06-27 00:03:36,298 - httpx - INFO - HTTP Request: GET http://testserver/api/v1/books/1/reviews "HTTP/1.1 200 OK"
2025-06-27 00:03:36,308 - httpx - INFO - HTTP Request: GET http://testserver/api/v1/books/999/reviews "HTTP/1.1 404 Not Found"
2025-06-27 00:03:36,317 - app.services.book_service - INFO - Created book: Integration Book 1
2025-06-27 00:03:36,318 - httpx - INFO - HTTP Request: POST http://testserver/api/v1/books/ "HTTP/1.1 201 Created"
2025-06-27 00:03:36,320 - app.services.book_service - INFO - Created book: Integration Book 2
2025-06-27 00:03:36,321 - httpx - INFO - HTTP Request: POST http://testserver/api/v1/books/ "HTTP/1.1 201 Created"
2025-06-27 00:03:36,322 - app.services.book_service - INFO - Books retrieved from cache
2025-06-27 00:06:04,125 - app.services.book_service - INFO - Created book: Sample Book
2025-06-27 00:06:04,127 - httpx - INFO - HTTP Request: POST http://testserver/api/v1/books/ "HTTP/1.1 201 Created"
2025-06-27 00:06:04,130 - app.services.review_service - INFO - Created review for book 1
2025-06-27 00:06:04,131 - httpx - INFO - HTTP Request: POST http://testserver/api/v1/books/1/reviews "HTTP/1.1 201 Created"
2025-06-27 00:06:04,142 - httpx - INFO - HTTP Request: POST http://testserver/api/v1/books/999/reviews "HTTP/1.1 404 Not Found"
2025-06-27 00:06:04,152 - app.services.book_service - INFO - Created book: Sample Book
2025-06-27 00:06:04,153 - httpx - INFO - HTTP Request: POST http://testserver/api/v1/books/ "HTTP/1.1 201 Created"
2025-06-27 00:06:04,155 - app.services.review_service - INFO - Created review for book 1
2025-06-27 00:06:04,156 - httpx - INFO - HTTP Request: POST http://testserver/api/v1/books/1/reviews "HTTP/1.1 201 Created"
2025-06-27 00:06:04,158 - httpx - INFO - HTTP Request: GET http://testserver/api/v1/books/1/reviews "HTTP/1.1 200 OK"
2025-06-27 00:06:04,168 - httpx - INFO - HTTP Request: GET http://testserver/api/v1/books/999/reviews "HTTP/1.1 404 Not Found"
2025-06-27 00:06:04,177 - app.services.book_service - INFO - Created book: Integration Book 1
2025-06-27 00:06:04,178 - httpx - INFO - HTTP Request: POST http://testserver/api/v1/books/ "HTTP/1.1 201 Created"
2025-06-27 00:06:04,180 - app.services.book_service - INFO - Created book: Integration Book 2
2025-06-27 00:06:04,181 - httpx - INFO - HTTP Request: POST http://testserver/api/v1/books/ "HTTP/1.1 201 Created"
2025-06-27 00:06:04,182 - app.services.book_service - INFO - Books retrieved from cache
2025-06-27 00:07:18,505 - app.services.book_service - INFO - Created book: Sample Book
2025-06-27 00:07:18,506 - httpx - INFO - HTTP Request: POST http://testserver/api/v1/books/ "HTTP/1.1 201 Created"
2025-06-27 00:07:18,510 - app.services.review_service - INFO - Created review for book 1
2025-06-27 00:07:18,510 - httpx - INFO - HTTP Request: POST http://testserver/api/v1/books/1/reviews "HTTP/1.1 201 Created"
2025-06-27 00:07:18,520 - httpx - INFO - HTTP Request: POST http://testserver/api/v1/books/999/reviews "HTTP/1.1 404 Not Found"
2025-06-27 00:07:18,531 - app.services.book_service - INFO - Created book: Sample Book
2025-06-27 00:07:18,532 - httpx - INFO - HTTP Request: POST http://testserver/api/v1/books/ "HTTP/1.1 201 Created"
2025-06-27 00:07:18,534 - app.services.review_service - INFO - Created review for book 1
2025-06-27 00:07:18,534 - httpx - INFO - HTTP Request: POST http://testserver/api/v1/books/1/reviews "HTTP/1.1 201 Created"
2025-06-27 00:07:18,537 - httpx - INFO - HTTP Request: GET http://testserver/api/v1/books/1/reviews "HTTP/1.1 200 OK"
2025-06-27 00:07:18,546 - httpx - INFO - HTTP Request: GET http://testserver/api/v1/books/999/reviews "HTTP/1.1 404 Not Found"
2025-06-27 00:07:18,555 - app.services.book_service - INFO - Created book: Integration Book 1
2025-06-27 00:07:18,556 - httpx - INFO - HTTP Request: POST http://testserver/api/v1/books/ "HTTP/1.1 201 Created"
2025-06-27 00:07:18,559 - app.services.book_service - INFO - Created book: Integration Book 2
2025-06-27 00:07:18,559 - httpx - INFO - HTTP Request: POST http://testserver/api/v1/books/ "HTTP/1.1 201 Created"
2025-06-27 00:07:18,560 - app.services.book_service - INFO - Books retrieved from cache
2025-06-27 00:10:33,785 - app.main - INFO - Starting Book Review Service v1.0.0(runs while starting)
2025-06-27 00:18:36,036 - app.main - INFO - Shutting down Book Review Service(clean up)
2025-06-27 00:18:36,600 - app.main - INFO - Starting Book Review Service v1.0.0(runs while starting)
2025-06-27 00:19:50,101 - app.main - INFO - Shutting down Book Review Service(clean up)
2025-06-27 00:19:50,637 - app.main - INFO - Starting Book Review Service v1.0.0(runs while starting)
2025-06-27 00:20:01,754 - app.main - INFO - Shutting down Book Review Service(clean up)
2025-06-27 00:20:02,173 - app.main - INFO - Starting Book Review Service v1.0.0(runs while starting)
2025-06-27 00:20:19,961 - app.main - INFO - Shutting down Book Review Service(clean up)
2025-06-27 00:20:20,444 - app.main - INFO - Starting Book Review Service v1.0.0(runs while starting)
2025-06-27 00:21:40,436 - app.main - INFO - Shutting down Book Review Service(clean up)
2025-06-27 00:21:40,972 - app.main - INFO - Starting Book Review Service v1.0.0(runs while starting)
2025-06-27 00:21:59,273 - app.main - INFO - Shutting down Book Review Service(clean up)
2025-06-27 00:21:59,748 - app.main - INFO - Starting Book Review Service v1.0.0(runs while starting)
2025-06-27 00:22:19,868 - app.services.cache_service - WARNING - Redis connection failed: Error 61 connecting to localhost:6379. Connection refused.
2025-06-27 00:22:23,006 - app.services.cache_service - WARNING - Redis connection failed: Error 61 connecting to localhost:6379. Connection refused.
2025-06-27 01:03:16,708 - app.main - INFO - Shutting down Book Review Service(clean up)
2025-06-27 01:03:18,459 - app.main - INFO - Starting Book Review Service v1.0.0(runs while starting)
2025-06-27 01:04:32,741 - app.services.cache_service - WARNING - Redis connection failed: Error 61 connecting to localhost:6379. Connection refused.
2025-06-27 01:04:33,630 - app.services.cache_service - WARNING - Redis connection failed: Error 61 connecting to localhost:6379. Connection refused.
2025-06-27 01:06:33,977 - app.main - INFO - Shutting down Book Review Service(clean up)
2025-06-27 01:06:34,513 - app.main - INFO - Starting Book Review Service v1.0.0(runs while starting)
2025-06-27 01:06:41,656 - app.services.cache_service - WARNING - Redis connection failed: Error 61 connecting to localhost:6379. Connection refused.
2025-06-27 01:06:50,038 - app.services.cache_service - WARNING - Redis connection failed: Error 61 connecting to localhost:6379. Connection refused.
2025-06-27 01:10:06,605 - app.services.cache_service - WARNING - Redis connection failed: Error 61 connecting to localhost:6379. Connection refused.
2025-06-27 01:10:07,263 - app.services.cache_service - WARNING - Redis connection failed: Error 61 connecting to localhost:6379. Connection refused.
2025-06-27 01:10:07,485 - app.services.cache_service - WARNING - Redis connection failed: Error 61 connecting to localhost:6379. Connection refused.
2025-06-27 01:10:07,711 - app.services.cache_service - WARNING - Redis connection failed: Error 61 connecting to localhost:6379. Connection refused.
2025-06-27 01:10:07,928 - app.services.cache_service - WARNING - Redis connection failed: Error 61 connecting to localhost:6379. Connection refused.
2025-06-27 01:10:08,151 - app.services.cache_service - WARNING - Redis connection failed: Error 61 connecting to localhost:6379. Connection refused.
2025-06-27 01:10:08,367 - app.services.cache_service - WARNING - Redis connection failed: Error 61 connecting to localhost:6379. Connection refused.
2025-06-27 01:10:08,602 - app.services.cache_service - WARNING - Redis connection failed: Error 61 connecting to localhost:6379. Connection refused.
2025-06-27 01:10:08,808 - app.services.cache_service - WARNING - Redis connection failed: Error 61 connecting to localhost:6379. Connection refused.
2025-06-27 01:10:09,014 - app.services.cache_service - WARNING - Redis connection failed: Error 61 connecting to localhost:6379. Connection refused.
2025-06-27 01:10:09,220 - app.services.cache_service - WARNING - Redis connection failed: Error 61 connecting to localhost:6379. Connection refused.
2025-06-27 01:10:09,455 - app.services.cache_service - WARNING - Redis connection failed: Error 61 connecting to localhost:6379. Connection refused.
2025-06-27 01:10:09,670 - app.services.cache_service - WARNING - Redis connection failed: Error 61 connecting to localhost:6379. Connection refused.
2025-06-27 01:12:37,974 - app.main - INFO - Shutting down Book Review Service(clean up)
2025-06-27 01:12:38,505 - app.main - INFO - Starting Book Review Service v1.0.0(runs while starting)
2025-06-27 01:12:46,005 - app.services.cache_service - WARNING - Redis connection failed: Error 61 connecting to localhost:6379. Connection refused.
2025-06-27 01:12:46,751 - app.services.cache_service - WARNING - Redis connection failed: Error 61 connecting to localhost:6379. Connection refused.
2025-06-27 01:12:46,956 - app.services.cache_service - WARNING - Redis connection failed: Error 61 connecting to localhost:6379. Connection refused.
2025-06-27 01:12:47,118 - app.services.cache_service - WARNING - Redis connection failed: Error 61 connecting to localhost:6379. Connection refused.
2025-06-27 01:14:11,743 - app.main - INFO - Shutting down Book Review Service(clean up)
2025-06-27 01:16:05,992 - app.main - INFO - Starting Book Review Service v1.0.0(runs while starting)
2025-06-27 01:19:20,017 - app.main - INFO - Shutting down Book Review Service(clean up)
2025-06-27 01:19:20,550 - app.main - INFO - Starting Book Review Service v1.0.0(runs while starting)
2025-06-27 01:19:42,792 - app.main - INFO - Shutting down Book Review Service(clean up)
2025-06-27 01:19:43,282 - app.main - INFO - Starting Book Review Service v1.0.0(runs while starting)
2025-06-27 01:19:45,608 - app.main - INFO - Shutting down Book Review Service(clean up)
2025-06-27 01:19:45,988 - app.main - INFO - Starting Book Review Service v1.0.0(runs while starting)
2025-06-27 01:21:35,794 - app.main - INFO - Shutting down Book Review Service(clean up)
2025-06-27 01:21:53,482 - app.main - INFO - Starting Book Review Service v1.0.0(runs while starting)
2025-06-27 01:22:36,955 - app.main - INFO - Shutting down Book Review Service(clean up)
2025-06-27 01:22:37,461 - app.main - INFO - Starting Book Review Service v1.0.0(runs while starting)
2025-06-27 01:25:48,349 - app.main - INFO - Shutting down Book Review Service(clean up)
2025-06-27 01:25:48,893 - app.main - INFO - Starting Book Review Service v1.0.0(runs while starting)
2025-06-27 01:26:38,534 - app.main - INFO - Shutting down Book Review Service(clean up)
2025-06-27 01:28:57,280 - app.services.book_service - INFO - Created book: Test Book
2025-06-27 01:28:57,282 - httpx - INFO - HTTP Request: POST http://testserver/api/v1/books/ "HTTP/1.1 201 Created"
2025-06-27 01:28:57,292 - httpx - INFO - HTTP Request: POST http://testserver/api/v1/books/ "HTTP/1.1 422 Unprocessable Entity"
2025-06-27 01:28:57,301 - app.services.book_service - INFO - Created book: Test Book
2025-06-27 01:28:57,302 - httpx - INFO - HTTP Request: POST http://testserver/api/v1/books/ "HTTP/1.1 201 Created"
2025-06-27 01:28:57,303 - app.services.book_service - INFO - Books retrieved from cache
2025-06-27 01:28:57,455 - app.services.book_service - INFO - Created book: Test Book
2025-06-27 01:28:57,455 - httpx - INFO - HTTP Request: POST http://testserver/api/v1/books/ "HTTP/1.1 201 Created"
2025-06-27 01:28:57,458 - httpx - INFO - HTTP Request: GET http://testserver/api/v1/books/1 "HTTP/1.1 200 OK"
2025-06-27 01:28:57,466 - httpx - INFO - HTTP Request: GET http://testserver/api/v1/books/999 "HTTP/1.1 404 Not Found"
2025-06-27 01:29:14,674 - app.services.book_service - INFO - Created book: Sample Book
2025-06-27 01:29:14,676 - httpx - INFO - HTTP Request: POST http://testserver/api/v1/books/ "HTTP/1.1 201 Created"
2025-06-27 01:29:14,679 - app.services.review_service - INFO - Created review for book 1
2025-06-27 01:29:14,680 - httpx - INFO - HTTP Request: POST http://testserver/api/v1/books/1/reviews "HTTP/1.1 201 Created"
2025-06-27 01:29:14,691 - httpx - INFO - HTTP Request: POST http://testserver/api/v1/books/999/reviews "HTTP/1.1 404 Not Found"
2025-06-27 01:29:14,701 - app.services.book_service - INFO - Created book: Sample Book
2025-06-27 01:29:14,702 - httpx - INFO - HTTP Request: POST http://testserver/api/v1/books/ "HTTP/1.1 201 Created"
2025-06-27 01:29:14,704 - app.services.review_service - INFO - Created review for book 1
2025-06-27 01:29:14,705 - httpx - INFO - HTTP Request: POST http://testserver/api/v1/books/1/reviews "HTTP/1.1 201 Created"
2025-06-27 01:29:14,707 - httpx - INFO - HTTP Request: GET http://testserver/api/v1/books/1/reviews "HTTP/1.1 200 OK"
2025-06-27 01:29:14,716 - httpx - INFO - HTTP Request: GET http://testserver/api/v1/books/999/reviews "HTTP/1.1 404 Not Found"
2025-06-27 01:29:14,727 - app.services.book_service - INFO - Created book: Integration Book 1
2025-06-27 01:29:14,727 - httpx - INFO - HTTP Request: POST http://testserver/api/v1/books/ "HTTP/1.1 201 Created"
2025-06-27 01:29:14,729 - app.services.book_service - INFO - Created book: Integration Book 2
2025-06-27 01:29:14,730 - httpx - INFO - HTTP Request: POST http://testserver/api/v1/books/ "HTTP/1.1 201 Created"
2025-06-27 01:29:14,731 - app.services.book_service - INFO - Books retrieved from cache
2025-06-27 01:30:44,213 - app.services.book_service - INFO - Created book: Sample Book
2025-06-27 01:30:44,214 - httpx - INFO - HTTP Request: POST http://testserver/api/v1/books/ "HTTP/1.1 201 Created"
2025-06-27 01:30:44,218 - app.services.review_service - INFO - Created review for book 1
2025-06-27 01:30:44,218 - httpx - INFO - HTTP Request: POST http://testserver/api/v1/books/1/reviews "HTTP/1.1 201 Created"
2025-06-27 01:30:44,229 - httpx - INFO - HTTP Request: POST http://testserver/api/v1/books/999/reviews "HTTP/1.1 404 Not Found"
2025-06-27 01:30:44,241 - app.services.book_service - INFO - Created book: Sample Book
2025-06-27 01:30:44,241 - httpx - INFO - HTTP Request: POST http://testserver/api/v1/books/ "HTTP/1.1 201 Created"
2025-06-27 01:30:44,244 - app.services.review_service - INFO - Created review for book 1
2025-06-27 01:30:44,244 - httpx - INFO - HTTP Request: POST http://testserver/api/v1/books/1/reviews "HTTP/1.1 201 Created"
2025-06-27 01:30:44,246 - httpx - INFO - HTTP Request: GET http://testserver/api/v1/books/1/reviews "HTTP/1.1 200 OK"
2025-06-27 01:30:44,255 - httpx - INFO - HTTP Request: GET http://testserver/api/v1/books/999/reviews "HTTP/1.1 404 Not Found"
2025-06-27 01:30:44,265 - app.services.book_service - INFO - Created book: Integration Book 1
2025-06-27 01:30:44,266 - httpx - INFO - HTTP Request: POST http://testserver/api/v1/books/ "HTTP/1.1 201 Created"
2025-06-27 01:30:44,268 - app.services.book_service - INFO - Created book: Integration Book 2
2025-06-27 01:30:44,269 - httpx - INFO - HTTP Request: POST http://testserver/api/v1/books/ "HTTP/1.1 201 Created"
2025-06-27 01:30:44,270 - app.services.book_service - INFO - Books retrieved from cache
2025-06-27 01:30:49,908 - app.main - INFO - Starting Book Review Service v1.0.0(runs while starting)
2025-06-27 01:31:28,215 - app.main - INFO - Shutting down Book Review Service(clean up)
2025-06-27 01:31:28,737 - app.main - INFO - Book Review Service v1.0.0(runs while starting)
2025-06-27 01:37:04,993 - app.main - INFO - Shutting down Book Review Service(clean up)
2025-06-27 01:37:05,547 - app.main - INFO - Book Review Service v1.0.0(runs while starting)
2025-06-27 01:38:09,838 - app.main - INFO - Shutting down Book Review Service(clean up)
2025-06-27 01:38:10,356 - app.main - INFO - Book Review Service v1.0.0(runs while starting)
2025-06-27 01:38:46,139 - app.main - INFO - Shutting down Book Review Service(clean up)
2025-06-27 01:38:46,628 - app.main - INFO - Book Review Service v1.0.0(runs while starting)
2025-06-27 01:45:06,552 - app.main - INFO - Shutting down Book Review Service(clean up)
2025-06-27 01:45:40,241 - app.main - INFO - Book Review Service v1.0.0(runs while starting)
2025-06-27 01:46:44,134 - app.main - INFO - Shutting down Book Review Service(clean up)
2025-06-27 01:46:44,649 - app.main - INFO - Book Review Service v1.0.0(runs while starting)
2025-06-27 01:47:23,070 - app.main - INFO - Shutting down Book Review Service(clean up)
2025-06-27 01:47:23,560 - app.main - INFO - Book Review Service v1.0.0(runs while starting)
2025-06-27 01:48:22,812 - app.main - INFO - Shutting down Book Review Service(clean up)
2025-06-27 01:48:23,345 - app.main - INFO - Book Review Service v1.0.0(runs while starting)
2025-06-27 01:48:30,127 - app.main - INFO - Shutting down Book Review Service(clean up)
2025-06-27 01:48:30,499 - app.main - INFO - Book Review Service v1.0.0(runs while starting)
2025-06-27 01:49:37,734 - app.main - INFO - Shutting down Book Review Service(clean up)
2025-06-27 01:49:38,278 - app.main - INFO - Book Review Service v1.0.0(runs while starting)
2025-06-27 01:52:41,273 - app.main - INFO - Shutting down Book Review Service(clean up)
2025-06-27 01:52:41,807 - app.main - INFO - Book Review Service v1.0.0(runs while starting)
2025-06-27 01:53:12,107 - app.services.book_service - WARNING - Cache error: the JSON object must be str, bytes or bytearray, not coroutine. Falling back to database.
2025-06-27 01:53:13,462 - app.services.book_service - WARNING - Cache error: the JSON object must be str, bytes or bytearray, not coroutine. Falling back to database.
2025-06-27 01:55:10,917 - app.main - INFO - Shutting down Book Review Service(clean up)
2025-06-27 01:55:11,456 - app.main - INFO - Book Review Service v1.0.0(runs while starting)
2025-06-27 01:57:13,911 - app.services.book_service - WARNING - Cache error: the JSON object must be str, bytes or bytearray, not coroutine. Falling back to database.
2025-06-27 01:57:14,106 - app.services.book_service - WARNING - Cache error: the JSON object must be str, bytes or bytearray, not coroutine. Falling back to database.
2025-06-27 01:57:14,299 - app.services.book_service - WARNING - Cache error: the JSON object must be str, bytes or bytearray, not coroutine. Falling back to database.
2025-06-27 01:57:14,506 - app.services.book_service - WARNING - Cache error: the JSON object must be str, bytes or bytearray, not coroutine. Falling back to database.
2025-06-27 01:57:14,686 - app.services.book_service - WARNING - Cache error: the JSON object must be str, bytes or bytearray, not coroutine. Falling back to database.
2025-06-27 14:40:07,973 - app.main - INFO - Book Review Service v1.0.0(runs while starting)
2025-06-27 14:53:11,414 - app.main - INFO - Shutting down Book Review Service(clean up)
2025-06-27 14:53:36,890 - app.services.book_service - INFO - Created book: Test Book
2025-06-27 14:53:36,893 - httpx - INFO - HTTP Request: POST http://testserver/api/v1/books/ "HTTP/1.1 201 Created"
2025-06-27 14:53:36,905 - httpx - INFO - HTTP Request: POST http://testserver/api/v1/books/ "HTTP/1.1 422 Unprocessable Entity"
2025-06-27 14:53:36,917 - app.services.book_service - INFO - Created book: Test Book
2025-06-27 14:53:36,918 - httpx - INFO - HTTP Request: POST http://testserver/api/v1/books/ "HTTP/1.1 201 Created"
2025-06-27 14:53:36,920 - app.services.book_service - INFO - Books retrieved from cache
2025-06-27 14:53:37,171 - app.services.book_service - INFO - Created book: Test Book
2025-06-27 14:53:37,172 - httpx - INFO - HTTP Request: POST http://testserver/api/v1/books/ "HTTP/1.1 201 Created"
2025-06-27 14:53:37,175 - httpx - INFO - HTTP Request: GET http://testserver/api/v1/books/1 "HTTP/1.1 200 OK"
2025-06-27 14:53:37,187 - httpx - INFO - HTTP Request: GET http://testserver/api/v1/books/999 "HTTP/1.1 404 Not Found"
2025-06-27 14:53:37,199 - app.services.book_service - INFO - Created book: Sample Book
2025-06-27 14:53:37,199 - httpx - INFO - HTTP Request: POST http://testserver/api/v1/books/ "HTTP/1.1 201 Created"
2025-06-27 14:53:37,203 - app.services.review_service - INFO - Created review for book 1
2025-06-27 14:53:37,204 - httpx - INFO - HTTP Request: POST http://testserver/api/v1/books/1/reviews "HTTP/1.1 201 Created"
2025-06-27 14:53:37,216 - httpx - INFO - HTTP Request: POST http://testserver/api/v1/books/999/reviews "HTTP/1.1 404 Not Found"
2025-06-27 14:53:37,228 - app.services.book_service - INFO - Created book: Sample Book
2025-06-27 14:53:37,229 - httpx - INFO - HTTP Request: POST http://testserver/api/v1/books/ "HTTP/1.1 201 Created"
2025-06-27 14:53:37,232 - app.services.review_service - INFO - Created review for book 1
2025-06-27 14:53:37,233 - httpx - INFO - HTTP Request: POST http://testserver/api/v1/books/1/reviews "HTTP/1.1 201 Created"
2025-06-27 14:53:37,235 - httpx - INFO - HTTP Request: GET http://testserver/api/v1/books/1/reviews "HTTP/1.1 200 OK"
2025-06-27 14:53:37,246 - httpx - INFO - HTTP Request: GET http://testserver/api/v1/books/999/reviews "HTTP/1.1 404 Not Found"
2025-06-27 14:53:37,257 - app.services.book_service - INFO - Created book: Integration Book 1
2025-06-27 14:53:37,258 - httpx - INFO - HTTP Request: POST http://testserver/api/v1/books/ "HTTP/1.1 201 Created"
2025-06-27 14:53:37,261 - app.services.book_service - INFO - Created book: Integration Book 2
2025-06-27 14:53:37,262 - httpx - INFO - HTTP Request: POST http://testserver/api/v1/books/ "HTTP/1.1 201 Created"
2025-06-27 14:53:37,264 - app.services.book_service - INFO - Books retrieved from cache
2025-06-27 15:01:52,036 - app.main - INFO - Book Review Service v1.0.0(runs while starting)
2025-06-27 15:01:59,864 - app.services.book_service - WARNING - Cache error: the JSON object must be str, bytes or bytearray, not coroutine. Falling back to database.
2025-06-27 15:02:39,252 - app.main - INFO - Shutting down Book Review Service(clean up)
2025-06-27 15:02:39,753 - app.main - INFO - Book Review Service v1.0.0(runs while starting)
2025-06-27 15:02:41,919 - app.services.book_service - WARNING - Cache error: the JSON object must be str, bytes or bytearray, not coroutine. Falling back to database.
2025-06-27 15:06:41,981 - app.main - INFO - Shutting down Book Review Service(clean up)
2025-06-27 15:06:42,509 - app.main - INFO - Book Review Service v1.0.0(runs while starting)
2025-06-27 15:07:49,940 - app.main - INFO - Shutting down Book Review Service(clean up)
2025-06-27 15:07:50,352 - app.main - INFO - Book Review Service v1.0.0(runs while starting)
2025-06-27 15:14:33,228 - app.main - INFO - Shutting down Book Review Service(clean up)
2025-06-27 15:14:33,774 - app.main - INFO - Book Review Service v1.0.0(runs while starting)
2025-06-27 15:17:24,766 - app.main - INFO - Shutting down Book Review Service(clean up)
2025-06-27 15:18:58,661 - app.main - INFO - Book Review Service v1.0.0(runs while starting)
2025-06-27 15:19:07,957 - app.services.book_service - WARNING - Cache error: the JSON object must be str, bytes or bytearray, not coroutine. Falling back to database.
2025-06-27 15:19:09,114 - app.services.book_service - WARNING - Cache error: the JSON object must be str, bytes or bytearray, not coroutine. Falling back to database.
2025-06-27 15:20:50,862 - app.main - INFO - Shutting down Book Review Service(clean up)
2025-06-27 15:20:51,389 - app.main - INFO - Book Review Service v1.0.0(runs while starting)
2025-06-27 15:20:54,626 - app.main - INFO - Shutting down Book Review Service(clean up)
2025-06-27 15:20:55,009 - app.main - INFO - Book Review Service v1.0.0(runs while starting)
2025-06-27 15:21:13,234 - app.services.book_service - WARNING - Cache error: the JSON object must be str, bytes or bytearray, not coroutine. Falling back to database.
2025-06-27 15:27:17,386 - app.main - INFO - Shutting down Book Review Service(clean up)
2025-06-27 15:27:17,912 - app.main - INFO - Book Review Service v1.0.0(runs while starting)
2025-06-27 15:27:25,638 - app.services.book_service - WARNING - Cache error: the JSON object must be str, bytes or bytearray, not coroutine. Falling back to database.
2025-06-27 15:27:26,678 - app.services.book_service - WARNING - Cache error: the JSON object must be str, bytes or bytearray, not coroutine. Falling back to database.
2025-06-27 15:29:00,020 - app.main - INFO - Shutting down Book Review Service(clean up)
2025-06-27 15:29:00,579 - app.main - INFO - Book Review Service v1.0.0(runs while starting)
2025-06-27 15:29:03,507 - app.services.book_service - WARNING - Cache error: the JSON object must be str, bytes or bytearray, not coroutine. Falling back to database.
2025-06-27 15:30:17,213 - app.main - INFO - Shutting down Book Review Service(clean up)
2025-06-27 15:30:17,673 - app.main - INFO - Book Review Service v1.0.0(runs while starting)
2025-06-27 15:30:34,974 - app.main - INFO - Shutting down Book Review Service(clean up)
2025-06-27 15:30:40,380 - app.services.book_service - INFO - Created book: Test Book
2025-06-27 15:30:40,381 - httpx - INFO - HTTP Request: POST http://testserver/api/v1/books/ "HTTP/1.1 201 Created"
2025-06-27 15:30:40,393 - httpx - INFO - HTTP Request: POST http://testserver/api/v1/books/ "HTTP/1.1 422 Unprocessable Entity"
2025-06-27 15:30:40,405 - app.services.book_service - INFO - Created book: Test Book
2025-06-27 15:30:40,406 - httpx - INFO - HTTP Request: POST http://testserver/api/v1/books/ "HTTP/1.1 201 Created"
2025-06-27 15:30:40,409 - httpx - INFO - HTTP Request: GET http://testserver/api/v1/books/ "HTTP/1.1 200 OK"
2025-06-27 15:30:40,422 - app.services.book_service - INFO - Created book: Test Book
2025-06-27 15:30:40,422 - httpx - INFO - HTTP Request: POST http://testserver/api/v1/books/ "HTTP/1.1 201 Created"
2025-06-27 15:30:40,426 - httpx - INFO - HTTP Request: GET http://testserver/api/v1/books/1 "HTTP/1.1 200 OK"
2025-06-27 15:30:40,437 - httpx - INFO - HTTP Request: GET http://testserver/api/v1/books/999 "HTTP/1.1 404 Not Found"
2025-06-27 15:30:40,449 - app.services.book_service - INFO - Created book: Sample Book
2025-06-27 15:30:40,450 - httpx - INFO - HTTP Request: POST http://testserver/api/v1/books/ "HTTP/1.1 201 Created"
2025-06-27 15:30:40,454 - app.services.review_service - INFO - Created review for book 1
2025-06-27 15:30:40,455 - httpx - INFO - HTTP Request: POST http://testserver/api/v1/books/1/reviews "HTTP/1.1 201 Created"
2025-06-27 15:30:40,467 - httpx - INFO - HTTP Request: POST http://testserver/api/v1/books/999/reviews "HTTP/1.1 404 Not Found"
2025-06-27 15:30:40,481 - app.services.book_service - INFO - Created book: Sample Book
2025-06-27 15:30:40,482 - httpx - INFO - HTTP Request: POST http://testserver/api/v1/books/ "HTTP/1.1 201 Created"
2025-06-27 15:30:40,485 - app.services.review_service - INFO - Created review for book 1
2025-06-27 15:30:40,485 - httpx - INFO - HTTP Request: POST http://testserver/api/v1/books/1/reviews "HTTP/1.1 201 Created"
2025-06-27 15:30:40,488 - httpx - INFO - HTTP Request: GET http://testserver/api/v1/books/1/reviews "HTTP/1.1 200 OK"
2025-06-27 15:30:40,499 - httpx - INFO - HTTP Request: GET http://testserver/api/v1/books/999/reviews "HTTP/1.1 404 Not Found"
2025-06-27 15:30:40,511 - app.services.book_service - INFO - Created book: Integration Book 1
2025-06-27 15:30:40,512 - httpx - INFO - HTTP Request: POST http://testserver/api/v1/books/ "HTTP/1.1 201 Created"
2025-06-27 15:30:40,515 - app.services.book_service - INFO - Created book: Integration Book 2
2025-06-27 15:30:40,516 - httpx - INFO - HTTP Request: POST http://testserver/api/v1/books/ "HTTP/1.1 201 Created"
2025-06-27 15:30:40,518 - httpx - INFO - HTTP Request: GET http://testserver/api/v1/books/ "HTTP/1.1 200 OK"
2025-06-27 15:38:22,195 - app.services.book_service - INFO - Created book: Test Book
2025-06-27 15:38:22,197 - httpx - INFO - HTTP Request: POST http://testserver/api/v1/books/ "HTTP/1.1 201 Created"
2025-06-27 15:38:22,209 - httpx - INFO - HTTP Request: POST http://testserver/api/v1/books/ "HTTP/1.1 422 Unprocessable Entity"
2025-06-27 15:38:22,222 - app.services.book_service - INFO - Created book: Test Book
2025-06-27 15:38:22,223 - httpx - INFO - HTTP Request: POST http://testserver/api/v1/books/ "HTTP/1.1 201 Created"
2025-06-27 15:38:22,225 - httpx - INFO - HTTP Request: GET http://testserver/api/v1/books/ "HTTP/1.1 200 OK"
2025-06-27 15:38:22,238 - app.services.book_service - INFO - Created book: Test Book
2025-06-27 15:38:22,239 - httpx - INFO - HTTP Request: POST http://testserver/api/v1/books/ "HTTP/1.1 201 Created"
2025-06-27 15:38:22,242 - httpx - INFO - HTTP Request: GET http://testserver/api/v1/books/1 "HTTP/1.1 200 OK"
2025-06-27 15:38:22,253 - httpx - INFO - HTTP Request: GET http://testserver/api/v1/books/999 "HTTP/1.1 404 Not Found"
2025-06-27 15:38:22,264 - app.services.book_service - INFO - Created book: Sample Book
2025-06-27 15:38:22,265 - httpx - INFO - HTTP Request: POST http://testserver/api/v1/books/ "HTTP/1.1 201 Created"
2025-06-27 15:38:22,270 - app.services.review_service - INFO - Created review for book 1
2025-06-27 15:38:22,271 - httpx - INFO - HTTP Request: POST http://testserver/api/v1/books/1/reviews "HTTP/1.1 201 Created"
2025-06-27 15:38:22,282 - httpx - INFO - HTTP Request: POST http://testserver/api/v1/books/999/reviews "HTTP/1.1 404 Not Found"
2025-06-27 15:38:22,294 - app.services.book_service - INFO - Created book: Sample Book
2025-06-27 15:38:22,295 - httpx - INFO - HTTP Request: POST http://testserver/api/v1/books/ "HTTP/1.1 201 Created"
2025-06-27 15:38:22,298 - app.services.review_service - INFO - Created review for book 1
2025-06-27 15:38:22,298 - httpx - INFO - HTTP Request: POST http://testserver/api/v1/books/1/reviews "HTTP/1.1 201 Created"
2025-06-27 15:38:22,301 - httpx - INFO - HTTP Request: GET http://testserver/api/v1/books/1/reviews "HTTP/1.1 200 OK"
2025-06-27 15:38:22,312 - httpx - INFO - HTTP Request: GET http://testserver/api/v1/books/999/reviews "HTTP/1.1 404 Not Found"
2025-06-27 15:38:22,325 - app.services.book_service - INFO - Created book: Integration Book 1
2025-06-27 15:38:22,326 - httpx - INFO - HTTP Request: POST http://testserver/api/v1/books/ "HTTP/1.1 201 Created"
2025-06-27 15:38:22,329 - app.services.book_service - INFO - Created book: Integration Book 2
2025-06-27 15:38:22,329 - httpx - INFO - HTTP Request: POST http://testserver/api/v1/books/ "HTTP/1.1 201 Created"
2025-06-27 15:38:22,332 - httpx - INFO - HTTP Request: GET http://testserver/api/v1/books/ "HTTP/1.1 200 OK"
2025-06-27 15:39:34,811 - app.services.book_service - INFO - Created book: Test Book
2025-06-27 15:39:34,813 - httpx - INFO - HTTP Request: POST http://testserver/api/v1/books/ "HTTP/1.1 201 Created"
2025-06-27 15:39:34,824 - httpx - INFO - HTTP Request: POST http://testserver/api/v1/books/ "HTTP/1.1 422 Unprocessable Entity"
2025-06-27 15:39:34,836 - app.services.book_service - INFO - Created book: Test Book
2025-06-27 15:39:34,837 - httpx - INFO - HTTP Request: POST http://testserver/api/v1/books/ "HTTP/1.1 201 Created"
2025-06-27 15:39:34,841 - httpx - INFO - HTTP Request: GET http://testserver/api/v1/books/ "HTTP/1.1 200 OK"
2025-06-27 15:39:34,852 - app.services.book_service - INFO - Created book: Test Book
2025-06-27 15:39:34,853 - httpx - INFO - HTTP Request: POST http://testserver/api/v1/books/ "HTTP/1.1 201 Created"
2025-06-27 15:39:34,856 - httpx - INFO - HTTP Request: GET http://testserver/api/v1/books/1 "HTTP/1.1 200 OK"
2025-06-27 15:39:34,867 - httpx - INFO - HTTP Request: GET http://testserver/api/v1/books/999 "HTTP/1.1 404 Not Found"
2025-06-27 15:39:34,879 - app.services.book_service - INFO - Created book: Sample Book
2025-06-27 15:39:34,880 - httpx - INFO - HTTP Request: POST http://testserver/api/v1/books/ "HTTP/1.1 201 Created"
2025-06-27 15:39:34,884 - app.services.review_service - INFO - Created review for book 1
2025-06-27 15:39:34,885 - httpx - INFO - HTTP Request: POST http://testserver/api/v1/books/1/reviews "HTTP/1.1 201 Created"
2025-06-27 15:39:34,896 - httpx - INFO - HTTP Request: POST http://testserver/api/v1/books/999/reviews "HTTP/1.1 404 Not Found"
2025-06-27 15:39:34,909 - app.services.book_service - INFO - Created book: Sample Book
2025-06-27 15:39:34,910 - httpx - INFO - HTTP Request: POST http://testserver/api/v1/books/ "HTTP/1.1 201 Created"
2025-06-27 15:39:34,913 - app.services.review_service - INFO - Created review for book 1
2025-06-27 15:39:34,914 - httpx - INFO - HTTP Request: POST http://testserver/api/v1/books/1/reviews "HTTP/1.1 201 Created"
2025-06-27 15:39:34,917 - httpx - INFO - HTTP Request: GET http://testserver/api/v1/books/1/reviews "HTTP/1.1 200 OK"
2025-06-27 15:39:34,928 - httpx - INFO - HTTP Request: GET http://testserver/api/v1/books/999/reviews "HTTP/1.1 404 Not Found"
2025-06-27 15:39:34,941 - app.services.book_service - INFO - Created book: Integration Book 1
2025-06-27 15:39:34,942 - httpx - INFO - HTTP Request: POST http://testserver/api/v1/books/ "HTTP/1.1 201 Created"
2025-06-27 15:39:34,945 - app.services.book_service - INFO - Created book: Integration Book 2
2025-06-27 15:39:34,945 - httpx - INFO - HTTP Request: POST http://testserver/api/v1/books/ "HTTP/1.1 201 Created"
2025-06-27 15:39:34,948 - httpx - INFO - HTTP Request: GET http://testserver/api/v1/books/ "HTTP/1.1 200 OK"
2025-06-27 15:41:56,411 - app.services.book_service - INFO - Created book: Test Book
2025-06-27 15:41:56,413 - httpx - INFO - HTTP Request: POST http://testserver/api/v1/books/ "HTTP/1.1 201 Created"
2025-06-27 15:41:56,425 - httpx - INFO - HTTP Request: POST http://testserver/api/v1/books/ "HTTP/1.1 422 Unprocessable Entity"
2025-06-27 15:41:56,436 - app.services.book_service - INFO - Created book: Test Book
2025-06-27 15:41:56,437 - httpx - INFO - HTTP Request: POST http://testserver/api/v1/books/ "HTTP/1.1 201 Created"
2025-06-27 15:41:56,440 - httpx - INFO - HTTP Request: GET http://testserver/api/v1/books/ "HTTP/1.1 200 OK"
2025-06-27 15:41:56,453 - app.services.book_service - INFO - Created book: Test Book
2025-06-27 15:41:56,453 - httpx - INFO - HTTP Request: POST http://testserver/api/v1/books/ "HTTP/1.1 201 Created"
2025-06-27 15:41:56,456 - httpx - INFO - HTTP Request: GET http://testserver/api/v1/books/1 "HTTP/1.1 200 OK"
2025-06-27 15:41:56,468 - httpx - INFO - HTTP Request: GET http://testserver/api/v1/books/999 "HTTP/1.1 404 Not Found"
2025-06-27 15:41:56,479 - app.services.book_service - INFO - Created book: Sample Book
2025-06-27 15:41:56,480 - httpx - INFO - HTTP Request: POST http://testserver/api/v1/books/ "HTTP/1.1 201 Created"
2025-06-27 15:41:56,485 - app.services.review_service - INFO - Created review for book 1
2025-06-27 15:41:56,486 - httpx - INFO - HTTP Request: POST http://testserver/api/v1/books/1/reviews "HTTP/1.1 201 Created"
2025-06-27 15:41:56,498 - httpx - INFO - HTTP Request: POST http://testserver/api/v1/books/999/reviews "HTTP/1.1 404 Not Found"
2025-06-27 15:41:56,510 - app.services.book_service - INFO - Created book: Sample Book
2025-06-27 15:41:56,511 - httpx - INFO - HTTP Request: POST http://testserver/api/v1/books/ "HTTP/1.1 201 Created"
2025-06-27 15:41:56,514 - app.services.review_service - INFO - Created review for book 1
2025-06-27 15:41:56,515 - httpx - INFO - HTTP Request: POST http://testserver/api/v1/books/1/reviews "HTTP/1.1 201 Created"
2025-06-27 15:41:56,518 - httpx - INFO - HTTP Request: GET http://testserver/api/v1/books/1/reviews "HTTP/1.1 200 OK"
2025-06-27 15:41:56,529 - httpx - INFO - HTTP Request: GET http://testserver/api/v1/books/999/reviews "HTTP/1.1 404 Not Found"
2025-06-27 15:41:56,542 - app.services.book_service - INFO - Created book: Integration Book 1
2025-06-27 15:41:56,543 - httpx - INFO - HTTP Request: POST http://testserver/api/v1/books/ "HTTP/1.1 201 Created"
2025-06-27 15:41:56,545 - app.services.book_service - INFO - Created book: Integration Book 2
2025-06-27 15:41:56,546 - httpx - INFO - HTTP Request: POST http://testserver/api/v1/books/ "HTTP/1.1 201 Created"
2025-06-27 15:41:56,549 - httpx - INFO - HTTP Request: GET http://testserver/api/v1/books/ "HTTP/1.1 200 OK"
2025-06-27 15:42:13,745 - app.services.book_service - INFO - Created book: Test Book
2025-06-27 15:42:13,747 - httpx - INFO - HTTP Request: POST http://testserver/api/v1/books/ "HTTP/1.1 201 Created"
2025-06-27 15:42:13,759 - httpx - INFO - HTTP Request: POST http://testserver/api/v1/books/ "HTTP/1.1 422 Unprocessable Entity"
2025-06-27 15:42:13,771 - app.services.book_service - INFO - Created book: Test Book
2025-06-27 15:42:13,771 - httpx - INFO - HTTP Request: POST http://testserver/api/v1/books/ "HTTP/1.1 201 Created"
2025-06-27 15:42:13,774 - httpx - INFO - HTTP Request: GET http://testserver/api/v1/books/ "HTTP/1.1 200 OK"
2025-06-27 15:42:13,787 - app.services.book_service - INFO - Created book: Test Book
2025-06-27 15:42:13,788 - httpx - INFO - HTTP Request: POST http://testserver/api/v1/books/ "HTTP/1.1 201 Created"
2025-06-27 15:42:13,791 - httpx - INFO - HTTP Request: GET http://testserver/api/v1/books/1 "HTTP/1.1 200 OK"
2025-06-27 15:42:13,802 - httpx - INFO - HTTP Request: GET http://testserver/api/v1/books/999 "HTTP/1.1 404 Not Found"
2025-06-27 15:42:13,814 - app.services.book_service - INFO - Created book: Sample Book
2025-06-27 15:42:13,815 - httpx - INFO - HTTP Request: POST http://testserver/api/v1/books/ "HTTP/1.1 201 Created"
2025-06-27 15:42:13,819 - app.services.review_service - INFO - Created review for book 1
2025-06-27 15:42:13,820 - httpx - INFO - HTTP Request: POST http://testserver/api/v1/books/1/reviews "HTTP/1.1 201 Created"
2025-06-27 15:42:13,832 - httpx - INFO - HTTP Request: POST http://testserver/api/v1/books/999/reviews "HTTP/1.1 404 Not Found"
2025-06-27 15:42:13,844 - app.services.book_service - INFO - Created book: Sample Book
2025-06-27 15:42:13,845 - httpx - INFO - HTTP Request: POST http://testserver/api/v1/books/ "HTTP/1.1 201 Created"
2025-06-27 15:42:13,848 - app.services.review_service - INFO - Created review for book 1
2025-06-27 15:42:13,849 - httpx - INFO - HTTP Request: POST http://testserver/api/v1/books/1/reviews "HTTP/1.1 201 Created"
2025-06-27 15:42:13,852 - httpx - INFO - HTTP Request: GET http://testserver/api/v1/books/1/reviews "HTTP/1.1 200 OK"
2025-06-27 15:42:13,862 - httpx - INFO - HTTP Request: GET http://testserver/api/v1/books/999/reviews "HTTP/1.1 404 Not Found"
2025-06-27 15:42:13,875 - app.services.book_service - INFO - Created book: Integration Book 1
2025-06-27 15:42:13,876 - httpx - INFO - HTTP Request: POST http://testserver/api/v1/books/ "HTTP/1.1 201 Created"
2025-06-27 15:42:13,879 - app.services.book_service - INFO - Created book: Integration Book 2
2025-06-27 15:42:13,879 - httpx - INFO - HTTP Request: POST http://testserver/api/v1/books/ "HTTP/1.1 201 Created"
2025-06-27 15:42:13,882 - httpx - INFO - HTTP Request: GET http://testserver/api/v1/books/ "HTTP/1.1 200 OK"
2025-06-27 16:15:29,787 - app.main - INFO - Book Review Service v1.0.0(runs while starting)
2025-06-27 16:15:30,704 - app.main - INFO - Shutting down Book Review Service(clean up)
2025-06-27 16:19:46,452 - app.services.book_service - INFO - Created book: Test Book
2025-06-27 16:19:46,454 - httpx - INFO - HTTP Request: POST http://testserver/api/v1/books/ "HTTP/1.1 201 Created"
2025-06-27 16:19:46,466 - httpx - INFO - HTTP Request: POST http://testserver/api/v1/books/ "HTTP/1.1 422 Unprocessable Entity"
2025-06-27 16:19:46,479 - app.services.book_service - INFO - Created book: Test Book
2025-06-27 16:19:46,479 - httpx - INFO - HTTP Request: POST http://testserver/api/v1/books/ "HTTP/1.1 201 Created"
2025-06-27 16:19:46,483 - httpx - INFO - HTTP Request: GET http://testserver/api/v1/books/ "HTTP/1.1 200 OK"
2025-06-27 16:19:46,495 - app.services.book_service - INFO - Created book: Test Book
2025-06-27 16:19:46,496 - httpx - INFO - HTTP Request: POST http://testserver/api/v1/books/ "HTTP/1.1 201 Created"
2025-06-27 16:19:46,500 - httpx - INFO - HTTP Request: GET http://testserver/api/v1/books/1 "HTTP/1.1 200 OK"
2025-06-27 16:19:46,511 - httpx - INFO - HTTP Request: GET http://testserver/api/v1/books/999 "HTTP/1.1 404 Not Found"
2025-06-27 16:19:46,524 - app.services.book_service - INFO - Created book: Sample Book
2025-06-27 16:19:46,524 - httpx - INFO - HTTP Request: POST http://testserver/api/v1/books/ "HTTP/1.1 201 Created"
2025-06-27 16:19:46,529 - app.services.review_service - INFO - Created review for book 1
2025-06-27 16:19:46,530 - httpx - INFO - HTTP Request: POST http://testserver/api/v1/books/1/reviews "HTTP/1.1 201 Created"
2025-06-27 16:19:46,542 - httpx - INFO - HTTP Request: POST http://testserver/api/v1/books/999/reviews "HTTP/1.1 404 Not Found"
2025-06-27 16:19:46,555 - app.services.book_service - INFO - Created book: Sample Book
2025-06-27 16:19:46,555 - httpx - INFO - HTTP Request: POST http://testserver/api/v1/books/ "HTTP/1.1 201 Created"
2025-06-27 16:19:46,558 - app.services.review_service - INFO - Created review for book 1
2025-06-27 16:19:46,559 - httpx - INFO - HTTP Request: POST http://testserver/api/v1/books/1/reviews "HTTP/1.1 201 Created"
2025-06-27 16:19:46,562 - httpx - INFO - HTTP Request: GET http://testserver/api/v1/books/1/reviews "HTTP/1.1 200 OK"
2025-06-27 16:19:46,574 - httpx - INFO - HTTP Request: GET http://testserver/api/v1/books/999/reviews "HTTP/1.1 404 Not Found"
2025-06-27 16:19:46,587 - app.services.book_service - INFO - Created book: Integration Book 1
2025-06-27 16:19:46,587 - httpx - INFO - HTTP Request: POST http://testserver/api/v1/books/ "HTTP/1.1 201 Created"
2025-06-27 16:19:46,590 - app.services.book_service - INFO - Created book: Integration Book 2
2025-06-27 16:19:46,591 - httpx - INFO - HTTP Request: POST http://testserver/api/v1/books/ "HTTP/1.1 201 Created"
2025-06-27 16:19:46,593 - httpx - INFO - HTTP Request: GET http://testserver/api/v1/books/ "HTTP/1.1 200 OK"
2025-06-27 16:31:49,798 - app.main - INFO - Book Review Service v1.0.0(runs while starting)
2025-06-27 16:35:13,814 - app.main - INFO - Shutting down Book Review Service(clean up)
2025-06-27 16:35:19,371 - app.main - INFO - Book Review Service v1.0.0(runs while starting)
2025-06-27 16:37:25,556 - app.main - INFO - Shutting down Book Review Service(clean up)
2025-06-27 16:38:52,403 - app.main - INFO - Book Review Service v1.0.0(runs while starting)
2025-06-27 16:38:57,567 - app.main - INFO - Shutting down Book Review Service(clean up)
2025-06-27 16:44:05,689 - app.services.book_service - INFO - Created book: Test Book
2025-06-27 16:44:05,691 - httpx - INFO - HTTP Request: POST http://testserver/api/v1/books/ "HTTP/1.1 201 Created"
2025-06-27 16:44:05,703 - httpx - INFO - HTTP Request: POST http://testserver/api/v1/books/ "HTTP/1.1 422 Unprocessable Entity"
2025-06-27 16:44:05,716 - app.services.book_service - INFO - Created book: Test Book
2025-06-27 16:44:05,717 - httpx - INFO - HTTP Request: POST http://testserver/api/v1/books/ "HTTP/1.1 201 Created"
2025-06-27 16:44:05,720 - httpx - INFO - HTTP Request: GET http://testserver/api/v1/books/ "HTTP/1.1 200 OK"
2025-06-27 16:44:05,733 - app.services.book_service - INFO - Created book: Test Book
2025-06-27 16:44:05,733 - httpx - INFO - HTTP Request: POST http://testserver/api/v1/books/ "HTTP/1.1 201 Created"
2025-06-27 16:44:05,736 - httpx - INFO - HTTP Request: GET http://testserver/api/v1/books/1 "HTTP/1.1 200 OK"
2025-06-27 16:44:05,749 - httpx - INFO - HTTP Request: GET http://testserver/api/v1/books/999 "HTTP/1.1 404 Not Found"
2025-06-27 16:44:05,761 - app.services.book_service - INFO - Created book: Sample Book
2025-06-27 16:44:05,762 - httpx - INFO - HTTP Request: POST http://testserver/api/v1/books/ "HTTP/1.1 201 Created"
2025-06-27 16:44:05,766 - app.services.review_service - INFO - Created review for book 1
2025-06-27 16:44:05,767 - httpx - INFO - HTTP Request: POST http://testserver/api/v1/books/1/reviews "HTTP/1.1 201 Created"
2025-06-27 16:44:05,779 - httpx - INFO - HTTP Request: POST http://testserver/api/v1/books/999/reviews "HTTP/1.1 404 Not Found"
2025-06-27 16:44:05,791 - app.services.book_service - INFO - Created book: Sample Book
2025-06-27 16:44:05,792 - httpx - INFO - HTTP Request: POST http://testserver/api/v1/books/ "HTTP/1.1 201 Created"
2025-06-27 16:44:05,795 - app.services.review_service - INFO - Created review for book 1
2025-06-27 16:44:05,796 - httpx - INFO - HTTP Request: POST http://testserver/api/v1/books/1/reviews "HTTP/1.1 201 Created"
2025-06-27 16:44:05,799 - httpx - INFO - HTTP Request: GET http://testserver/api/v1/books/1/reviews "HTTP/1.1 200 OK"
2025-06-27 16:44:05,814 - httpx - INFO - HTTP Request: GET http://testserver/api/v1/books/999/reviews "HTTP/1.1 404 Not Found"
2025-06-27 16:44:05,827 - app.services.book_service - INFO - Created book: Integration Book 1
2025-06-27 16:44:05,828 - httpx - INFO - HTTP Request: POST http://testserver/api/v1/books/ "HTTP/1.1 201 Created"
2025-06-27 16:44:05,832 - app.services.book_service - INFO - Created book: Integration Book 2
2025-06-27 16:44:05,832 - httpx - INFO - HTTP Request: POST http://testserver/api/v1/books/ "HTTP/1.1 201 Created"
2025-06-27 16:44:05,835 - httpx - INFO - HTTP Request: GET http://testserver/api/v1/books/ "HTTP/1.1 200 OK"
2025-06-27 16:46:07,957 - app.services.book_service - INFO - Created book: Test Book
2025-06-27 16:46:07,959 - httpx - INFO - HTTP Request: POST http://testserver/api/v1/books/ "HTTP/1.1 201 Created"
2025-06-27 16:46:07,971 - httpx - INFO - HTTP Request: POST http://testserver/api/v1/books/ "HTTP/1.1 422 Unprocessable Entity"
2025-06-27 16:46:07,983 - app.services.book_service - INFO - Created book: Test Book
2025-06-27 16:46:07,984 - httpx - INFO - HTTP Request: POST http://testserver/api/v1/books/ "HTTP/1.1 201 Created"
2025-06-27 16:46:07,986 - httpx - INFO - HTTP Request: GET http://testserver/api/v1/books/ "HTTP/1.1 200 OK"
2025-06-27 16:46:08,000 - app.services.book_service - INFO - Created book: Test Book
2025-06-27 16:46:08,000 - httpx - INFO - HTTP Request: POST http://testserver/api/v1/books/ "HTTP/1.1 201 Created"
2025-06-27 16:46:08,003 - httpx - INFO - HTTP Request: GET http://testserver/api/v1/books/1 "HTTP/1.1 200 OK"
2025-06-27 16:46:08,015 - httpx - INFO - HTTP Request: GET http://testserver/api/v1/books/999 "HTTP/1.1 404 Not Found"
2025-06-27 16:46:08,026 - app.services.book_service - INFO - Created book: Sample Book
2025-06-27 16:46:08,027 - httpx - INFO - HTTP Request: POST http://testserver/api/v1/books/ "HTTP/1.1 201 Created"
2025-06-27 16:46:08,032 - app.services.review_service - INFO - Created review for book 1
2025-06-27 16:46:08,033 - httpx - INFO - HTTP Request: POST http://testserver/api/v1/books/1/reviews "HTTP/1.1 201 Created"
2025-06-27 16:46:08,044 - httpx - INFO - HTTP Request: POST http://testserver/api/v1/books/999/reviews "HTTP/1.1 404 Not Found"
2025-06-27 16:46:08,056 - app.services.book_service - INFO - Created book: Sample Book
2025-06-27 16:46:08,056 - httpx - INFO - HTTP Request: POST http://testserver/api/v1/books/ "HTTP/1.1 201 Created"
2025-06-27 16:46:08,059 - app.services.review_service - INFO - Created review for book 1
2025-06-27 16:46:08,060 - httpx - INFO - HTTP Request: POST http://testserver/api/v1/books/1/reviews "HTTP/1.1 201 Created"
2025-06-27 16:46:08,063 - httpx - INFO - HTTP Request: GET http://testserver/api/v1/books/1/reviews "HTTP/1.1 200 OK"
2025-06-27 16:46:08,074 - httpx - INFO - HTTP Request: GET http://testserver/api/v1/books/999/reviews "HTTP/1.1 404 Not Found"
2025-06-27 16:46:08,087 - app.services.book_service - INFO - Created book: Integration Book 1
2025-06-27 16:46:08,088 - httpx - INFO - HTTP Request: POST http://testserver/api/v1/books/ "HTTP/1.1 201 Created"
2025-06-27 16:46:08,091 - app.services.book_service - INFO - Created book: Integration Book 2
2025-06-27 16:46:08,091 - httpx - INFO - HTTP Request: POST http://testserver/api/v1/books/ "HTTP/1.1 201 Created"
2025-06-27 16:46:08,094 - httpx - INFO - HTTP Request: GET http://testserver/api/v1/books/ "HTTP/1.1 200 OK"
2025-06-27 16:46:09,107 - app.main - INFO - Book Review Service v1.0.0(runs while starting)
2025-06-27 16:47:56,352 - app.main - INFO - Shutting down Book Review Service(clean up)
2025-06-27 16:47:59,215 - app.services.book_service - INFO - Created book: Test Book
2025-06-27 16:47:59,217 - httpx - INFO - HTTP Request: POST http://testserver/api/v1/books/ "HTTP/1.1 201 Created"
2025-06-27 16:47:59,234 - httpx - INFO - HTTP Request: POST http://testserver/api/v1/books/ "HTTP/1.1 422 Unprocessable Entity"
2025-06-27 16:47:59,248 - app.services.book_service - INFO - Created book: Test Book
2025-06-27 16:47:59,248 - httpx - INFO - HTTP Request: POST http://testserver/api/v1/books/ "HTTP/1.1 201 Created"
2025-06-27 16:47:59,251 - httpx - INFO - HTTP Request: GET http://testserver/api/v1/books/ "HTTP/1.1 200 OK"
2025-06-27 16:47:59,265 - app.services.book_service - INFO - Created book: Test Book
2025-06-27 16:47:59,265 - httpx - INFO - HTTP Request: POST http://testserver/api/v1/books/ "HTTP/1.1 201 Created"
2025-06-27 16:47:59,268 - httpx - INFO - HTTP Request: GET http://testserver/api/v1/books/1 "HTTP/1.1 200 OK"
2025-06-27 16:47:59,282 - httpx - INFO - HTTP Request: GET http://testserver/api/v1/books/999 "HTTP/1.1 404 Not Found"
2025-06-27 16:47:59,294 - app.services.book_service - INFO - Created book: Sample Book
2025-06-27 16:47:59,295 - httpx - INFO - HTTP Request: POST http://testserver/api/v1/books/ "HTTP/1.1 201 Created"
2025-06-27 16:47:59,300 - app.services.review_service - INFO - Created review for book 1
2025-06-27 16:47:59,301 - httpx - INFO - HTTP Request: POST http://testserver/api/v1/books/1/reviews "HTTP/1.1 201 Created"
2025-06-27 16:47:59,313 - httpx - INFO - HTTP Request: POST http://testserver/api/v1/books/999/reviews "HTTP/1.1 404 Not Found"
2025-06-27 16:47:59,325 - app.services.book_service - INFO - Created book: Sample Book
2025-06-27 16:47:59,326 - httpx - INFO - HTTP Request: POST http://testserver/api/v1/books/ "HTTP/1.1 201 Created"
2025-06-27 16:47:59,329 - app.services.review_service - INFO - Created review for book 1
2025-06-27 16:47:59,330 - httpx - INFO - HTTP Request: POST http://testserver/api/v1/books/1/reviews "HTTP/1.1 201 Created"
2025-06-27 16:47:59,333 - httpx - INFO - HTTP Request: GET http://testserver/api/v1/books/1/reviews "HTTP/1.1 200 OK"
2025-06-27 16:47:59,343 - httpx - INFO - HTTP Request: GET http://testserver/api/v1/books/999/reviews "HTTP/1.1 404 Not Found"
2025-06-27 16:47:59,356 - app.services.book_service - INFO - Created book: Integration Book 1
2025-06-27 16:47:59,357 - httpx - INFO - HTTP Request: POST http://testserver/api/v1/books/ "HTTP/1.1 201 Created"
2025-06-27 16:47:59,359 - app.services.book_service - INFO - Created book: Integration Book 2
2025-06-27 16:47:59,360 - httpx - INFO - HTTP Request: POST http://testserver/api/v1/books/ "HTTP/1.1 201 Created"
2025-06-27 16:47:59,363 - httpx - INFO - HTTP Request: GET http://testserver/api/v1/books/ "HTTP/1.1 200 OK"
2025-06-27 16:48:00,001 - app.main - INFO - Book Review Service v1.0.0(runs while starting)
2025-06-27 16:50:30,096 - app.main - INFO - Shutting down Book Review Service(clean up)
2025-06-27 16:50:45,152 - app.services.book_service - INFO - Created book: Test Book
2025-06-27 16:50:45,155 - httpx - INFO - HTTP Request: POST http://testserver/api/v1/books/ "HTTP/1.1 201 Created"
2025-06-27 16:50:45,172 - httpx - INFO - HTTP Request: POST http://testserver/api/v1/books/ "HTTP/1.1 422 Unprocessable Entity"
2025-06-27 16:50:45,186 - app.services.book_service - INFO - Created book: Test Book
2025-06-27 16:50:45,187 - httpx - INFO - HTTP Request: POST http://testserver/api/v1/books/ "HTTP/1.1 201 Created"
2025-06-27 16:50:45,189 - httpx - INFO - HTTP Request: GET http://testserver/api/v1/books/ "HTTP/1.1 200 OK"
2025-06-27 16:50:45,203 - app.services.book_service - INFO - Created book: Test Book
2025-06-27 16:50:45,204 - httpx - INFO - HTTP Request: POST http://testserver/api/v1/books/ "HTTP/1.1 201 Created"
2025-06-27 16:50:45,207 - httpx - INFO - HTTP Request: GET http://testserver/api/v1/books/1 "HTTP/1.1 200 OK"
2025-06-27 16:50:45,219 - httpx - INFO - HTTP Request: GET http://testserver/api/v1/books/999 "HTTP/1.1 404 Not Found"
2025-06-27 16:50:45,232 - app.services.book_service - INFO - Created book: Sample Book
2025-06-27 16:50:45,233 - httpx - INFO - HTTP Request: POST http://testserver/api/v1/books/ "HTTP/1.1 201 Created"
2025-06-27 16:50:45,238 - app.services.review_service - INFO - Created review for book 1
2025-06-27 16:50:45,239 - httpx - INFO - HTTP Request: POST http://testserver/api/v1/books/1/reviews "HTTP/1.1 201 Created"
2025-06-27 16:50:45,250 - httpx - INFO - HTTP Request: POST http://testserver/api/v1/books/999/reviews "HTTP/1.1 404 Not Found"
2025-06-27 16:50:45,263 - app.services.book_service - INFO - Created book: Sample Book
2025-06-27 16:50:45,264 - httpx - INFO - HTTP Request: POST http://testserver/api/v1/books/ "HTTP/1.1 201 Created"
2025-06-27 16:50:45,283 - app.services.review_service - INFO - Created review for book 1
2025-06-27 16:50:45,290 - httpx - INFO - HTTP Request: POST http://testserver/api/v1/books/1/reviews "HTTP/1.1 201 Created"
2025-06-27 16:50:45,295 - httpx - INFO - HTTP Request: GET http://testserver/api/v1/books/1/reviews "HTTP/1.1 200 OK"
2025-06-27 16:50:45,310 - httpx - INFO - HTTP Request: GET http://testserver/api/v1/books/999/reviews "HTTP/1.1 404 Not Found"
2025-06-27 16:50:45,323 - app.services.book_service - INFO - Created book: Integration Book 1
2025-06-27 16:50:45,324 - httpx - INFO - HTTP Request: POST http://testserver/api/v1/books/ "HTTP/1.1 201 Created"
2025-06-27 16:50:45,327 - app.services.book_service - INFO - Created book: Integration Book 2
2025-06-27 16:50:45,328 - httpx - INFO - HTTP Request: POST http://testserver/api/v1/books/ "HTTP/1.1 201 Created"
2025-06-27 16:50:45,330 - httpx - INFO - HTTP Request: GET http://testserver/api/v1/books/ "HTTP/1.1 200 OK"
2025-06-27 16:50:45,963 - app.main - INFO - Book Review Service v1.0.0(runs while starting)
2025-06-27 16:52:06,026 - app.main - INFO - Shutting down Book Review Service(clean up)
2025-06-27 16:54:28,727 - app.services.book_service - INFO - Created book: Test Book
2025-06-27 16:54:28,728 - httpx - INFO - HTTP Request: POST http://testserver/api/v1/books/ "HTTP/1.1 201 Created"
2025-06-27 16:54:28,741 - httpx - INFO - HTTP Request: POST http://testserver/api/v1/books/ "HTTP/1.1 422 Unprocessable Entity"
2025-06-27 16:54:28,753 - app.services.book_service - INFO - Created book: Test Book
2025-06-27 16:54:28,754 - httpx - INFO - HTTP Request: POST http://testserver/api/v1/books/ "HTTP/1.1 201 Created"
2025-06-27 16:54:28,757 - httpx - INFO - HTTP Request: GET http://testserver/api/v1/books/ "HTTP/1.1 200 OK"
2025-06-27 16:54:28,769 - app.services.book_service - INFO - Created book: Test Book
2025-06-27 16:54:28,770 - httpx - INFO - HTTP Request: POST http://testserver/api/v1/books/ "HTTP/1.1 201 Created"
2025-06-27 16:54:28,773 - httpx - INFO - HTTP Request: GET http://testserver/api/v1/books/1 "HTTP/1.1 200 OK"
2025-06-27 16:54:28,786 - httpx - INFO - HTTP Request: GET http://testserver/api/v1/books/999 "HTTP/1.1 404 Not Found"
2025-06-27 16:54:28,799 - app.services.book_service - INFO - Created book: Sample Book
2025-06-27 16:54:28,800 - httpx - INFO - HTTP Request: POST http://testserver/api/v1/books/ "HTTP/1.1 201 Created"
2025-06-27 16:54:28,806 - app.services.review_service - INFO - Created review for book 1
2025-06-27 16:54:28,807 - httpx - INFO - HTTP Request: POST http://testserver/api/v1/books/1/reviews "HTTP/1.1 201 Created"
2025-06-27 16:54:28,818 - httpx - INFO - HTTP Request: POST http://testserver/api/v1/books/999/reviews "HTTP/1.1 404 Not Found"
2025-06-27 16:54:28,831 - app.services.book_service - INFO - Created book: Sample Book
2025-06-27 16:54:28,831 - httpx - INFO - HTTP Request: POST http://testserver/api/v1/books/ "HTTP/1.1 201 Created"
2025-06-27 16:54:28,835 - app.services.review_service - INFO - Created review for book 1
2025-06-27 16:54:28,835 - httpx - INFO - HTTP Request: POST http://testserver/api/v1/books/1/reviews "HTTP/1.1 201 Created"
2025-06-27 16:54:28,838 - httpx - INFO - HTTP Request: GET http://testserver/api/v1/books/1/reviews "HTTP/1.1 200 OK"
2025-06-27 16:54:28,849 - httpx - INFO - HTTP Request: GET http://testserver/api/v1/books/999/reviews "HTTP/1.1 404 Not Found"
2025-06-27 16:54:28,861 - app.services.book_service - INFO - Created book: Integration Book 1
2025-06-27 16:54:28,862 - httpx - INFO - HTTP Request: POST http://testserver/api/v1/books/ "HTTP/1.1 201 Created"
2025-06-27 16:54:28,865 - app.services.book_service - INFO - Created book: Integration Book 2
2025-06-27 16:54:28,866 - httpx - INFO - HTTP Request: POST http://testserver/api/v1/books/ "HTTP/1.1 201 Created"
2025-06-27 16:54:28,868 - httpx - INFO - HTTP Request: GET http://testserver/api/v1/books/ "HTTP/1.1 200 OK"
2025-06-27 16:54:29,520 - app.main - INFO - Book Review Service v1.0.0(runs while starting)
2025-06-27 17:00:22,124 - app.main - INFO - Shutting down Book Review Service(clean up)
2025-06-27 17:00:33,560 - app.services.book_service - INFO - Created book: Test Book
2025-06-27 17:00:33,562 - httpx - INFO - HTTP Request: POST http://testserver/api/v1/books/ "HTTP/1.1 201 Created"
2025-06-27 17:00:33,575 - httpx - INFO - HTTP Request: POST http://testserver/api/v1/books/ "HTTP/1.1 422 Unprocessable Entity"
2025-06-27 17:00:33,588 - app.services.book_service - INFO - Created book: Test Book
2025-06-27 17:00:33,589 - httpx - INFO - HTTP Request: POST http://testserver/api/v1/books/ "HTTP/1.1 201 Created"
2025-06-27 17:00:33,592 - httpx - INFO - HTTP Request: GET http://testserver/api/v1/books/ "HTTP/1.1 200 OK"
2025-06-27 17:00:33,606 - app.services.book_service - INFO - Created book: Test Book
2025-06-27 17:00:33,606 - httpx - INFO - HTTP Request: POST http://testserver/api/v1/books/ "HTTP/1.1 201 Created"
2025-06-27 17:00:33,609 - httpx - INFO - HTTP Request: GET http://testserver/api/v1/books/1 "HTTP/1.1 200 OK"
2025-06-27 17:00:33,622 - httpx - INFO - HTTP Request: GET http://testserver/api/v1/books/999 "HTTP/1.1 404 Not Found"
2025-06-27 17:00:33,634 - app.services.book_service - INFO - Created book: Sample Book
2025-06-27 17:00:33,635 - httpx - INFO - HTTP Request: POST http://testserver/api/v1/books/ "HTTP/1.1 201 Created"
2025-06-27 17:00:33,640 - app.services.review_service - INFO - Created review for book 1
2025-06-27 17:00:33,641 - httpx - INFO - HTTP Request: POST http://testserver/api/v1/books/1/reviews "HTTP/1.1 201 Created"
2025-06-27 17:00:33,655 - httpx - INFO - HTTP Request: POST http://testserver/api/v1/books/999/reviews "HTTP/1.1 404 Not Found"
2025-06-27 17:00:33,669 - app.services.book_service - INFO - Created book: Sample Book
2025-06-27 17:00:33,670 - httpx - INFO - HTTP Request: POST http://testserver/api/v1/books/ "HTTP/1.1 201 Created"
2025-06-27 17:00:33,673 - app.services.review_service - INFO - Created review for book 1
2025-06-27 17:00:33,673 - httpx - INFO - HTTP Request: POST http://testserver/api/v1/books/1/reviews "HTTP/1.1 201 Created"
2025-06-27 17:00:33,676 - httpx - INFO - HTTP Request: GET http://testserver/api/v1/books/1/reviews "HTTP/1.1 200 OK"
2025-06-27 17:00:33,688 - httpx - INFO - HTTP Request: GET http://testserver/api/v1/books/999/reviews "HTTP/1.1 404 Not Found"
2025-06-27 17:00:33,700 - app.services.book_service - INFO - Created book: Integration Book 1
2025-06-27 17:00:33,701 - httpx - INFO - HTTP Request: POST http://testserver/api/v1/books/ "HTTP/1.1 201 Created"
2025-06-27 17:00:33,704 - app.services.book_service - INFO - Created book: Integration Book 2
2025-06-27 17:00:33,704 - httpx - INFO - HTTP Request: POST http://testserver/api/v1/books/ "HTTP/1.1 201 Created"
2025-06-27 17:00:33,707 - httpx - INFO - HTTP Request: GET http://testserver/api/v1/books/ "HTTP/1.1 200 OK"
2025-06-27 17:00:34,335 - app.main - INFO - Book Review Service v1.0.0(runs while starting)
2025-06-27 17:00:47,681 - app.main - INFO - Shutting down Book Review Service(clean up)
2025-06-27 17:09:50,102 - app.services.book_service - INFO - Created book: Test Book
2025-06-27 17:09:50,104 - httpx - INFO - HTTP Request: POST http://testserver/api/v1/books/ "HTTP/1.1 201 Created"
2025-06-27 17:09:50,113 - httpx - INFO - HTTP Request: POST http://testserver/api/v1/books/ "HTTP/1.1 422 Unprocessable Entity"
2025-06-27 17:09:50,122 - app.services.book_service - INFO - Created book: Test Book
2025-06-27 17:09:50,123 - httpx - INFO - HTTP Request: POST http://testserver/api/v1/books/ "HTTP/1.1 201 Created"
2025-06-27 17:09:50,125 - httpx - INFO - HTTP Request: GET http://testserver/api/v1/books/ "HTTP/1.1 200 OK"
2025-06-27 17:09:50,135 - app.services.book_service - INFO - Created book: Test Book
2025-06-27 17:09:50,136 - httpx - INFO - HTTP Request: POST http://testserver/api/v1/books/ "HTTP/1.1 201 Created"
2025-06-27 17:09:50,139 - httpx - INFO - HTTP Request: GET http://testserver/api/v1/books/1 "HTTP/1.1 200 OK"
2025-06-27 17:09:50,148 - httpx - INFO - HTTP Request: GET http://testserver/api/v1/books/999 "HTTP/1.1 404 Not Found"
2025-06-27 17:09:50,161 - app.services.book_service - INFO - Created book: Sample Book
2025-06-27 17:09:50,161 - httpx - INFO - HTTP Request: POST http://testserver/api/v1/books/ "HTTP/1.1 201 Created"
2025-06-27 17:09:50,165 - app.services.review_service - INFO - Created review for book 1
2025-06-27 17:09:50,165 - httpx - INFO - HTTP Request: POST http://testserver/api/v1/books/1/reviews "HTTP/1.1 201 Created"
2025-06-27 17:09:50,177 - httpx - INFO - HTTP Request: POST http://testserver/api/v1/books/999/reviews "HTTP/1.1 404 Not Found"
2025-06-27 17:09:50,189 - app.services.book_service - INFO - Created book: Sample Book
2025-06-27 17:09:50,190 - httpx - INFO - HTTP Request: POST http://testserver/api/v1/books/ "HTTP/1.1 201 Created"
2025-06-27 17:09:50,192 - app.services.review_service - INFO - Created review for book 1
2025-06-27 17:09:50,193 - httpx - INFO - HTTP Request: POST http://testserver/api/v1/books/1/reviews "HTTP/1.1 201 Created"
2025-06-27 17:09:50,195 - httpx - INFO - HTTP Request: GET http://testserver/api/v1/books/1/reviews "HTTP/1.1 200 OK"
2025-06-27 17:09:50,204 - httpx - INFO - HTTP Request: GET http://testserver/api/v1/books/999/reviews "HTTP/1.1 404 Not Found"
2025-06-27 17:09:50,214 - app.services.book_service - INFO - Created book: Integration Book 1
2025-06-27 17:09:50,214 - httpx - INFO - HTTP Request: POST http://testserver/api/v1/books/ "HTTP/1.1 201 Created"
2025-06-27 17:09:50,216 - app.services.book_service - INFO - Created book: Integration Book 2
2025-06-27 17:09:50,217 - httpx - INFO - HTTP Request: POST http://testserver/api/v1/books/ "HTTP/1.1 201 Created"
2025-06-27 17:09:50,219 - httpx - INFO - HTTP Request: GET http://testserver/api/v1/books/ "HTTP/1.1 200 OK"
2025-06-27 17:10:02,414 - app.services.book_service - INFO - Created book: Test Book
2025-06-27 17:10:02,416 - httpx - INFO - HTTP Request: POST http://testserver/api/v1/books/ "HTTP/1.1 201 Created"
2025-06-27 17:10:02,425 - httpx - INFO - HTTP Request: POST http://testserver/api/v1/books/ "HTTP/1.1 422 Unprocessable Entity"
2025-06-27 17:10:02,434 - app.services.book_service - INFO - Created book: Test Book
2025-06-27 17:10:02,435 - httpx - INFO - HTTP Request: POST http://testserver/api/v1/books/ "HTTP/1.1 201 Created"
2025-06-27 17:10:02,437 - httpx - INFO - HTTP Request: GET http://testserver/api/v1/books/ "HTTP/1.1 200 OK"
2025-06-27 17:10:02,447 - app.services.book_service - INFO - Created book: Test Book
2025-06-27 17:10:02,448 - httpx - INFO - HTTP Request: POST http://testserver/api/v1/books/ "HTTP/1.1 201 Created"
2025-06-27 17:10:02,450 - httpx - INFO - HTTP Request: GET http://testserver/api/v1/books/1 "HTTP/1.1 200 OK"
2025-06-27 17:10:02,459 - httpx - INFO - HTTP Request: GET http://testserver/api/v1/books/999 "HTTP/1.1 404 Not Found"
2025-06-27 17:10:02,469 - app.services.book_service - INFO - Created book: Sample Book
2025-06-27 17:10:02,470 - httpx - INFO - HTTP Request: POST http://testserver/api/v1/books/ "HTTP/1.1 201 Created"
2025-06-27 17:10:02,473 - app.services.review_service - INFO - Created review for book 1
2025-06-27 17:10:02,474 - httpx - INFO - HTTP Request: POST http://testserver/api/v1/books/1/reviews "HTTP/1.1 201 Created"
2025-06-27 17:10:02,483 - httpx - INFO - HTTP Request: POST http://testserver/api/v1/books/999/reviews "HTTP/1.1 404 Not Found"
2025-06-27 17:10:02,495 - app.services.book_service - INFO - Created book: Sample Book
2025-06-27 17:10:02,496 - httpx - INFO - HTTP Request: POST http://testserver/api/v1/books/ "HTTP/1.1 201 Created"
2025-06-27 17:10:02,499 - app.services.review_service - INFO - Created review for book 1
2025-06-27 17:10:02,500 - httpx - INFO - HTTP Request: POST http://testserver/api/v1/books/1/reviews "HTTP/1.1 201 Created"
2025-06-27 17:10:02,503 - httpx - INFO - HTTP Request: GET http://testserver/api/v1/books/1/reviews "HTTP/1.1 200 OK"
2025-06-27 17:10:02,512 - httpx - INFO - HTTP Request: GET http://testserver/api/v1/books/999/reviews "HTTP/1.1 404 Not Found"
2025-06-27 17:10:02,522 - app.services.book_service - INFO - Created book: Integration Book 1
2025-06-27 17:10:02,523 - httpx - INFO - HTTP Request: POST http://testserver/api/v1/books/ "HTTP/1.1 201 Created"
2025-06-27 17:10:02,525 - app.services.book_service - INFO - Created book: Integration Book 2
2025-06-27 17:10:02,526 - httpx - INFO - HTTP Request: POST http://testserver/api/v1/books/ "HTTP/1.1 201 Created"
2025-06-27 17:10:02,527 - httpx - INFO - HTTP Request: GET http://testserver/api/v1/books/ "HTTP/1.1 200 OK"
2025-06-27 17:10:18,923 - app.services.book_service - INFO - Created book: Test Book
2025-06-27 17:10:18,925 - httpx - INFO - HTTP Request: POST http://testserver/api/v1/books/ "HTTP/1.1 201 Created"
2025-06-27 17:10:18,934 - httpx - INFO - HTTP Request: POST http://testserver/api/v1/books/ "HTTP/1.1 422 Unprocessable Entity"
2025-06-27 17:10:18,944 - app.services.book_service - INFO - Created book: Test Book
2025-06-27 17:10:18,945 - httpx - INFO - HTTP Request: POST http://testserver/api/v1/books/ "HTTP/1.1 201 Created"
2025-06-27 17:10:18,947 - httpx - INFO - HTTP Request: GET http://testserver/api/v1/books/ "HTTP/1.1 200 OK"
2025-06-27 17:10:18,958 - app.services.book_service - INFO - Created book: Test Book
2025-06-27 17:10:18,959 - httpx - INFO - HTTP Request: POST http://testserver/api/v1/books/ "HTTP/1.1 201 Created"
2025-06-27 17:10:18,961 - httpx - INFO - HTTP Request: GET http://testserver/api/v1/books/1 "HTTP/1.1 200 OK"
2025-06-27 17:10:18,973 - httpx - INFO - HTTP Request: GET http://testserver/api/v1/books/999 "HTTP/1.1 404 Not Found"
2025-06-27 17:10:18,983 - app.services.book_service - INFO - Created book: Sample Book
2025-06-27 17:10:18,984 - httpx - INFO - HTTP Request: POST http://testserver/api/v1/books/ "HTTP/1.1 201 Created"
2025-06-27 17:10:18,987 - app.services.review_service - INFO - Created review for book 1
2025-06-27 17:10:18,988 - httpx - INFO - HTTP Request: POST http://testserver/api/v1/books/1/reviews "HTTP/1.1 201 Created"
2025-06-27 17:10:18,997 - httpx - INFO - HTTP Request: POST http://testserver/api/v1/books/999/reviews "HTTP/1.1 404 Not Found"
2025-06-27 17:10:19,007 - app.services.book_service - INFO - Created book: Sample Book
2025-06-27 17:10:19,007 - httpx - INFO - HTTP Request: POST http://testserver/api/v1/books/ "HTTP/1.1 201 Created"
2025-06-27 17:10:19,010 - app.services.review_service - INFO - Created review for book 1
2025-06-27 17:10:19,010 - httpx - INFO - HTTP Request: POST http://testserver/api/v1/books/1/reviews "HTTP/1.1 201 Created"
2025-06-27 17:10:19,012 - httpx - INFO - HTTP Request: GET http://testserver/api/v1/books/1/reviews "HTTP/1.1 200 OK"
2025-06-27 17:10:19,022 - httpx - INFO - HTTP Request: GET http://testserver/api/v1/books/999/reviews "HTTP/1.1 404 Not Found"
2025-06-27 17:10:19,031 - app.services.book_service - INFO - Created book: Integration Book 1
2025-06-27 17:10:19,031 - httpx - INFO - HTTP Request: POST http://testserver/api/v1/books/ "HTTP/1.1 201 Created"
2025-06-27 17:10:19,033 - app.services.book_service - INFO - Created book: Integration Book 2
2025-06-27 17:10:19,034 - httpx - INFO - HTTP Request: POST http://testserver/api/v1/books/ "HTTP/1.1 201 Created"
2025-06-27 17:10:19,036 - httpx - INFO - HTTP Request: GET http://testserver/api/v1/books/ "HTTP/1.1 200 OK"
